0 info it worked if it ends with ok
1 verbose cli [ '/usr/local/bin/node',
1 verbose cli   '/usr/local/bin/npm',
1 verbose cli   '--registry',
1 verbose cli   'https://registry.npm.taobao.org',
1 verbose cli   'install',
1 verbose cli   'globby',
1 verbose cli   'S' ]
2 info using npm@3.10.10
3 info using node@v6.11.3
4 silly loadCurrentTree Starting
5 silly install loadCurrentTree
6 silly install readLocalPackageData
7 silly fetchPackageMetaData globby@^6.1.0
8 silly fetchPackageMetaData S
9 silly fetchNamedPackageData globby
10 silly mapToRegistry name globby
11 silly mapToRegistry using default registry
12 silly mapToRegistry registry https://registry.npm.taobao.org/
13 silly mapToRegistry data Result {
13 silly mapToRegistry   raw: 'globby',
13 silly mapToRegistry   scope: null,
13 silly mapToRegistry   escapedName: 'globby',
13 silly mapToRegistry   name: 'globby',
13 silly mapToRegistry   rawSpec: '',
13 silly mapToRegistry   spec: 'latest',
13 silly mapToRegistry   type: 'tag' }
14 silly mapToRegistry uri https://registry.npm.taobao.org/globby
15 silly fetchNamedPackageData S
16 silly mapToRegistry name S
17 silly mapToRegistry using default registry
18 silly mapToRegistry registry https://registry.npm.taobao.org/
19 silly mapToRegistry data Result {
19 silly mapToRegistry   raw: 'S',
19 silly mapToRegistry   scope: null,
19 silly mapToRegistry   escapedName: 'S',
19 silly mapToRegistry   name: 'S',
19 silly mapToRegistry   rawSpec: '',
19 silly mapToRegistry   spec: 'latest',
19 silly mapToRegistry   type: 'tag' }
20 silly mapToRegistry uri https://registry.npm.taobao.org/S
21 verbose request uri https://registry.npm.taobao.org/S
22 verbose request no auth needed
23 info attempt registry request try #1 at 5:12:38 PM
24 verbose request id df102806581fdb84
25 http request GET https://registry.npm.taobao.org/S
26 verbose request uri https://registry.npm.taobao.org/globby
27 verbose request no auth needed
28 info attempt registry request try #1 at 5:12:38 PM
29 verbose etag "9820-poGBmPxVVQ6bnV8a0gCVz/UaVuI"
30 http request GET https://registry.npm.taobao.org/globby
31 http 404 https://registry.npm.taobao.org/S
32 verbose headers { date: 'Sun, 07 Jan 2018 09:12:38 GMT',
32 verbose headers   'content-type': 'application/json; charset=utf-8',
32 verbose headers   'content-length': '257',
32 verbose headers   connection: 'keep-alive',
32 verbose headers   'x-current-requests': '1',
32 verbose headers   'x-readtime': '13' }
33 silly get cb [ 404,
33 silly get   { date: 'Sun, 07 Jan 2018 09:12:38 GMT',
33 silly get     'content-type': 'application/json; charset=utf-8',
33 silly get     'content-length': '257',
33 silly get     connection: 'keep-alive',
33 silly get     'x-current-requests': '1',
33 silly get     'x-readtime': '13' } ]
34 silly fetchPackageMetaData Error: Registry returned 404 for GET on https://registry.npm.taobao.org/S
34 silly fetchPackageMetaData     at makeError (/usr/local/lib/node_modules/npm/node_modules/npm-registry-client/lib/request.js:302:12)
34 silly fetchPackageMetaData     at CachingRegistryClient.<anonymous> (/usr/local/lib/node_modules/npm/node_modules/npm-registry-client/lib/request.js:280:14)
34 silly fetchPackageMetaData     at Request._callback (/usr/local/lib/node_modules/npm/node_modules/npm-registry-client/lib/request.js:210:14)
34 silly fetchPackageMetaData     at Request.self.callback (/usr/local/lib/node_modules/npm/node_modules/request/request.js:187:22)
34 silly fetchPackageMetaData     at emitTwo (events.js:106:13)
34 silly fetchPackageMetaData     at Request.emit (events.js:191:7)
34 silly fetchPackageMetaData     at Request.<anonymous> (/usr/local/lib/node_modules/npm/node_modules/request/request.js:1048:10)
34 silly fetchPackageMetaData     at emitOne (events.js:96:13)
34 silly fetchPackageMetaData     at Request.emit (events.js:188:7)
34 silly fetchPackageMetaData     at IncomingMessage.<anonymous> (/usr/local/lib/node_modules/npm/node_modules/request/request.js:969:12)
34 silly fetchPackageMetaData  error for S { Error: Registry returned 404 for GET on https://registry.npm.taobao.org/S
34 silly fetchPackageMetaData     at makeError (/usr/local/lib/node_modules/npm/node_modules/npm-registry-client/lib/request.js:302:12)
34 silly fetchPackageMetaData     at CachingRegistryClient.<anonymous> (/usr/local/lib/node_modules/npm/node_modules/npm-registry-client/lib/request.js:280:14)
34 silly fetchPackageMetaData     at Request._callback (/usr/local/lib/node_modules/npm/node_modules/npm-registry-client/lib/request.js:210:14)
34 silly fetchPackageMetaData     at Request.self.callback (/usr/local/lib/node_modules/npm/node_modules/request/request.js:187:22)
34 silly fetchPackageMetaData     at emitTwo (events.js:106:13)
34 silly fetchPackageMetaData     at Request.emit (events.js:191:7)
34 silly fetchPackageMetaData     at Request.<anonymous> (/usr/local/lib/node_modules/npm/node_modules/request/request.js:1048:10)
34 silly fetchPackageMetaData     at emitOne (events.js:96:13)
34 silly fetchPackageMetaData     at Request.emit (events.js:188:7)
34 silly fetchPackageMetaData     at IncomingMessage.<anonymous> (/usr/local/lib/node_modules/npm/node_modules/request/request.js:969:12) pkgid: 'S', statusCode: 404, code: 'E404' }
35 http 304 https://registry.npm.taobao.org/globby
36 verbose headers { date: 'Sun, 07 Jan 2018 09:12:38 GMT',
36 verbose headers   connection: 'keep-alive',
36 verbose headers   'x-current-requests': '1',
36 verbose headers   etag: '"9820-poGBmPxVVQ6bnV8a0gCVz/UaVuI"',
36 verbose headers   'x-readtime': '16' }
37 silly get cb [ 304,
37 silly get   { date: 'Sun, 07 Jan 2018 09:12:38 GMT',
37 silly get     connection: 'keep-alive',
37 silly get     'x-current-requests': '1',
37 silly get     etag: '"9820-poGBmPxVVQ6bnV8a0gCVz/UaVuI"',
37 silly get     'x-readtime': '16' } ]
38 verbose etag https://registry.npm.taobao.org/globby from cache
39 verbose get saving globby to /Users/haolchen/.npm/registry.npm.taobao.org/globby/.cache.json
40 verbose correctMkdir /Users/haolchen/.npm correctMkdir not in flight; initializing
41 silly rollbackFailedOptional Starting
42 silly rollbackFailedOptional Finishing
43 silly runTopLevelLifecycles Finishing
44 silly install printInstalled
45 verbose stack Error: Registry returned 404 for GET on https://registry.npm.taobao.org/S
45 verbose stack     at makeError (/usr/local/lib/node_modules/npm/node_modules/npm-registry-client/lib/request.js:302:12)
45 verbose stack     at CachingRegistryClient.<anonymous> (/usr/local/lib/node_modules/npm/node_modules/npm-registry-client/lib/request.js:280:14)
45 verbose stack     at Request._callback (/usr/local/lib/node_modules/npm/node_modules/npm-registry-client/lib/request.js:210:14)
45 verbose stack     at Request.self.callback (/usr/local/lib/node_modules/npm/node_modules/request/request.js:187:22)
45 verbose stack     at emitTwo (events.js:106:13)
45 verbose stack     at Request.emit (events.js:191:7)
45 verbose stack     at Request.<anonymous> (/usr/local/lib/node_modules/npm/node_modules/request/request.js:1048:10)
45 verbose stack     at emitOne (events.js:96:13)
45 verbose stack     at Request.emit (events.js:188:7)
45 verbose stack     at IncomingMessage.<anonymous> (/usr/local/lib/node_modules/npm/node_modules/request/request.js:969:12)
46 verbose statusCode 404
47 verbose pkgid S
48 verbose cwd /Users/haolchen/Documents/__self__/alphaX
49 error Darwin 16.7.0
50 error argv "/usr/local/bin/node" "/usr/local/bin/npm" "--registry" "https://registry.npm.taobao.org" "install" "globby" "S"
51 error node v6.11.3
52 error npm  v3.10.10
53 error code E404
54 error 404 Registry returned 404 for GET on https://registry.npm.taobao.org/S
55 error 404
56 error 404 'S' is not in the npm registry.
57 error 404 Your package name is not valid, because
58 error 404 1. name can no longer contain capital letters
59 error 404 Note that you can also install from a
60 error 404 tarball, folder, http url, or git url.
61 verbose exit [ 1, true ]
